  Source.cpp
D:\20250305-1\Source.cpp(32,35): error C2440: '正在初始化': 無法由 'nullptr' 轉換為 'ListNodePtr'
D:\20250305-1\Source.cpp(32,35): message : 沒有可以取得來源類型的建構函式，或建構函式多載解析模稜兩可
D:\20250305-1\Source.cpp(46,21): warning C4477: 'scanf_s' : 格式字串 '%c' 需要 'char *' 類型的引數，但 variadic 引數 1 的類型為 'int'
D:\20250305-1\Source.cpp(46,21): message : 此引數可用為轉換規範
D:\20250305-1\Source.cpp(46,21): warning C4473: 'scanf_s' : 傳遞給格式字串的引數不足
D:\20250305-1\Source.cpp(46,21): message : 預留位置及其參數需要 2 個 variadic 引數，但卻提供了 1 個
D:\20250305-1\Source.cpp(46,21): message : 缺少 variadic 引數 2 (其為格式字串 '%c' 所需)
D:\20250305-1\Source.cpp(46,21): message : 此引數可用為緩衝區大小
D:\20250305-1\Source.cpp(54,25): warning C4477: 'scanf_s' : 格式字串 '%c' 需要 'char *' 類型的引數，但 variadic 引數 1 的類型為 'int'
D:\20250305-1\Source.cpp(54,25): message : 此引數可用為轉換規範
D:\20250305-1\Source.cpp(54,25): warning C4473: 'scanf_s' : 傳遞給格式字串的引數不足
D:\20250305-1\Source.cpp(54,25): message : 預留位置及其參數需要 2 個 variadic 引數，但卻提供了 1 個
D:\20250305-1\Source.cpp(54,25): message : 缺少 variadic 引數 2 (其為格式字串 '%c' 所需)
D:\20250305-1\Source.cpp(54,25): message : 此引數可用為緩衝區大小
D:\20250305-1\Source.cpp(95,50): error C2440: '正在初始化': 無法由 'void *' 轉換為 'ListNodePtr'
D:\20250305-1\Source.cpp(95,50): message : 沒有可以取得來源類型的建構函式，或建構函式多載解析模稜兩可
D:\20250305-1\Source.cpp(97,16): error C2676: 二元運算子 '!=': 'ListNodePtr' 沒有定義此運算子或預先定義運算子可接受的類型轉換
D:\20250305-1\Source.cpp(101,42): error C2440: '正在初始化': 無法由 'nullptr' 轉換為 'ListNodePtr'
D:\20250305-1\Source.cpp(101,42): message : 沒有可以取得來源類型的建構函式，或建構函式多載解析模稜兩可
D:\20250305-1\Source.cpp(105,27): error C2676: 二元運算子 '!=': 'ListNodePtr' 沒有定義此運算子或預先定義運算子可接受的類型轉換
D:\20250305-1\Source.cpp(107,44): error C2679: 二元運算子 '=': 找不到使用右方運算元類型 'listNode *' 的運算子 (或是沒有可接受的轉換)
D:\20250305-1\Source.cpp(18,1): message : 可能是 'listNode &listNode::operator =(listNode &&)'
D:\20250305-1\Source.cpp(18,1): message : 或       'listNode &listNode::operator =(const listNode &)'
D:\20250305-1\Source.cpp(107,44): message : 當嘗試符合引數清單 '(ListNodePtr, listNode *)' 時
D:\20250305-1\Source.cpp(111,25): error C2676: 二元運算子 '==': 'ListNodePtr' 沒有定義此運算子或預先定義運算子可接受的類型轉換
D:\20250305-1\Source.cpp(112,35): error C2440: '=': 無法由 'ListNodePtr' 轉換為 'listNode *'
D:\20250305-1\Source.cpp(112,30): message : 沒有可以執行此轉換的使用者定義轉換運算子或無法呼叫運算子
D:\20250305-1\Source.cpp(116,41): error C2440: '=': 無法由 'ListNodePtr' 轉換為 'listNode *'
D:\20250305-1\Source.cpp(116,35): message : 沒有可以執行此轉換的使用者定義轉換運算子或無法呼叫運算子
D:\20250305-1\Source.cpp(117,40): error C2440: '=': 無法由 'ListNodePtr' 轉換為 'listNode *'
D:\20250305-1\Source.cpp(117,30): message : 沒有可以執行此轉換的使用者定義轉換運算子或無法呼叫運算子
D:\20250305-1\Source.cpp(129,8): error C2819: 類型 'listNode' 沒有多載成員 'operator ->'
D:\20250305-1\Source.cpp(15): message : 請參閱 'listNode' 的宣告
D:\20250305-1\Source.cpp(129,8): message : 您是否想要改用 '.'?
D:\20250305-1\Source.cpp(129,31): error C2232: '->listNode::data': 左運算元屬於 'struct' 類型，必須改用 '.'
D:\20250305-1\Source.cpp(131,24): error C2819: 類型 'listNode' 沒有多載成員 'operator ->'
D:\20250305-1\Source.cpp(15): message : 請參閱 'listNode' 的宣告
D:\20250305-1\Source.cpp(131,24): message : 您是否想要改用 '.'?
D:\20250305-1\Source.cpp(131,33): error C2232: '->listNode::nextPtr': 左運算元屬於 'struct' 類型，必須改用 '.'
D:\20250305-1\Source.cpp(132,21): error C2664: 'void free(void *)': 無法將引數 1 從 'ListNodePtr' 轉換為 'void *'
D:\20250305-1\Source.cpp(132,14): message : 沒有可以執行此轉換的使用者定義轉換運算子或無法呼叫運算子
C:\Program Files (x86)\Windows Kits\10\Include\10.0.22000.0\ucrt\corecrt_malloc.h(89,14): message : 請參閱 'free' 的宣告
D:\20250305-1\Source.cpp(137,41): error C2819: 類型 'listNode' 沒有多載成員 'operator ->'
D:\20250305-1\Source.cpp(15): message : 請參閱 'listNode' 的宣告
D:\20250305-1\Source.cpp(137,41): message : 您是否想要改用 '.'?
D:\20250305-1\Source.cpp(137,50): error C2232: '->listNode::nextPtr': 左運算元屬於 'struct' 類型，必須改用 '.'
D:\20250305-1\Source.cpp(140,27): error C2676: 二元運算子 '!=': 'ListNodePtr' 沒有定義此運算子或預先定義運算子可接受的類型轉換
D:\20250305-1\Source.cpp(142,44): error C2679: 二元運算子 '=': 找不到使用右方運算元類型 'listNode *' 的運算子 (或是沒有可接受的轉換)
D:\20250305-1\Source.cpp(18,1): message : 可能是 'listNode &listNode::operator =(listNode &&)'
D:\20250305-1\Source.cpp(18,1): message : 或       'listNode &listNode::operator =(const listNode &)'
D:\20250305-1\Source.cpp(142,44): message : 當嘗試符合引數清單 '(ListNodePtr, listNode *)' 時
D:\20250305-1\Source.cpp(146,24): error C2676: 二元運算子 '!=': 'ListNodePtr' 沒有定義此運算子或預先定義運算子可接受的類型轉換
D:\20250305-1\Source.cpp(148,24): error C2819: 類型 'listNode' 沒有多載成員 'operator ->'
D:\20250305-1\Source.cpp(15): message : 請參閱 'listNode' 的宣告
D:\20250305-1\Source.cpp(148,24): message : 您是否想要改用 '.'?
D:\20250305-1\Source.cpp(148,34): error C2232: '->listNode::nextPtr': 左運算元屬於 'struct' 類型，必須改用 '.'
D:\20250305-1\Source.cpp(149,25): error C2664: 'void free(void *)': 無法將引數 1 從 'ListNodePtr' 轉換為 'void *'
D:\20250305-1\Source.cpp(149,18): message : 沒有可以執行此轉換的使用者定義轉換運算子或無法呼叫運算子
C:\Program Files (x86)\Windows Kits\10\Include\10.0.22000.0\ucrt\corecrt_malloc.h(89,14): message : 請參閱 'free' 的宣告
D:\20250305-1\Source.cpp(160,17): error C2676: 二元運算子 '==': 'ListNodePtr' 沒有定義此運算子或預先定義運算子可接受的類型轉換
D:\20250305-1\Source.cpp(174,27): error C2676: 二元運算子 '!=': 'ListNodePtr' 沒有定義此運算子或預先定義運算子可接受的類型轉換
D:\20250305-1\Source.cpp(176,44): error C2679: 二元運算子 '=': 找不到使用右方運算元類型 'listNode *' 的運算子 (或是沒有可接受的轉換)
D:\20250305-1\Source.cpp(18,1): message : 可能是 'listNode &listNode::operator =(listNode &&)'
D:\20250305-1\Source.cpp(18,1): message : 或       'listNode &listNode::operator =(const listNode &)'
D:\20250305-1\Source.cpp(176,44): message : 當嘗試符合引數清單 '(ListNodePtr, listNode *)' 時
